Imports OK.
K_mults: [1.3, 1.5, 2.0, 3.0]
Pre-registered precision@10 target: 0.3
Expected TF-IDF cosine baseline: 0.15
Corpus file: data/research_synergy_bridged_fine.json
sha256: 2c1596b2f9176e88d257783ae330b6cfe5d04a7b20f35da986fef05803a20ab4
Full corpus: N=1400, components=3, top sizes=[1398, 1, 1]
Giant CC: 1398 nodes (99.9%)  precheck(>= 0.95): PASS
Giant-CC corpus: N=1398 nodes, 9624 edges, 32 communities
Fingerprint: openalex-bridge-fine-res3
Louvain params: {'seed': 42, 'resolution': 3.0, 'min_community_size': 1}
Adjacency: 9598 undirected edges, mean_deg=13.77, skipped=0
Giant-CC n_cc=1 (require 1 for lambda_2>0): OK
SC4 TOY: true bridge (24, 25) rank = 1
  Top-5: [(24, 25)]
SC4 TOY verdict: PASS
Pipeline helpers defined.
Finding K_sync (min K with r_global >= 0.90) ...
  K=   1: r_global=0.230
  K=   2: r_global=0.415
  K=   4: r_global=0.599
  K=   8: r_global=0.857
  K=  12: r_global=0.932
  -> K_sync = 12 (min K with r_global >= 0.9)
K_stable = 12.0000  (5 probes, 1s)
Running canonical K-sweep ([1.3, 1.5, 2.0, 3.0]) on corpus (N=1398)...
  K=1.3*K_stable=15.600: 9 bridges, lambda_2=0.22853, r=0.959, t=0.8s
  K=1.5*K_stable=18.000: 9 bridges, lambda_2=0.26824, r=0.970, t=0.9s
  K=2.0*K_stable=24.000: 9 bridges, lambda_2=0.36531, r=0.983, t=1.2s
  K=3.0*K_stable=36.000: 9 bridges, lambda_2=0.55582, r=0.993, t=1.7s
Sweep done in 5s.

Top-5 Fiedler bridges at K=1.3*K_stable:
  #1: node 1905.01669 (comm 22) -- 0906.0612 (comm 24)  contrib=0.00042
  #2: node 1805.00165 (comm 22) -- 1109.3041 (comm 24)  contrib=0.00039
  #3: node 2110.01866 (comm 23) -- 1906.02691 (comm 22)  contrib=0.00034
  #4: node 2111.06740 (comm 11) -- 1308.0850 (comm 22)  contrib=0.00034
  #5: node 1307.4977 (comm 25) -- 2007.03347 (comm 22)  contrib=0.00025
SC3: r_global at K=2.0*K_stable (24.000) = 0.9832
SC3 verdict: PASS
SC5: upper-cluster K_mults (lambda_2 >= 0): [1.3, 1.5, 2.0, 3.0]
     lower-cluster K_mults (lambda_2 < 0):  []
  At K=1.3: lambda_2=0.228533, lambda_3=13.067321, gap=57.1791
SC5 verdict: PASS (lambda_2=0.2285 > 0, gap=57.1791 >= 1.05)
Running permuted-omega sweep (theta0 fixed)...
  K=1.3*K_stable=15.600: 9 bridges, lambda_2=0.18753, r=0.823, t=0.8s
  K=1.5*K_stable=18.000: 0 bridges, lambda_2=0.00000, r=0.437, t=0.9s
  K=2.0*K_stable=24.000: 9 bridges, lambda_2=0.17429, r=0.662, t=1.2s
  K=3.0*K_stable=36.000: 9 bridges, lambda_2=0.50117, r=0.918, t=1.9s
Done in 5s.
Plateau Jaccard (canonical vs permuted-omega), upper cluster:
  K_mult=1.3: Jaccard=1.0000
  K_mult=1.5: Jaccard=0.0000
  K_mult=2.0: Jaccard=1.0000
  K_mult=3.0: Jaccard=1.0000
  mean=0.7500, min=0.0000
SC2 verdict: FLAG (min_J=0.0000 — high omega sensitivity; failure mode 4)
Building ER null graph...
ER null: N=1398, edges=9596
Running ER null K-sweep...
  K=1.3*K_stable=15.600: 200 bridges, lambda_2=28.46554, r=0.997, t=1.0s
  K=1.5*K_stable=18.000: 200 bridges, lambda_2=32.86454, r=0.998, t=1.0s
  K=2.0*K_stable=24.000: 200 bridges, lambda_2=43.85391, r=0.999, t=1.1s
  K=3.0*K_stable=36.000: 200 bridges, lambda_2=65.81769, r=1.000, t=1.6s
Done in 5s.
SC1a Jaccard(corpus, ER-null) at K=1.3: 0.0000
SC1a verdict: PASS (J=0.0000 <= 0.3 — topology-sensitive)
Building configuration-model null graph...
Config-model null: N=1398, edges=8826 (real: 9598)
Running config-model null K-sweep...
  K=1.3*K_stable=15.600: 0 bridges, lambda_2=-0.00000, r=0.991, t=0.7s
  K=1.5*K_stable=18.000: 0 bridges, lambda_2=-0.00000, r=0.992, t=0.8s
  K=2.0*K_stable=24.000: 0 bridges, lambda_2=-0.00000, r=0.993, t=6.6s
  K=3.0*K_stable=36.000: 0 bridges, lambda_2=-0.00000, r=0.994, t=1.5s
Done in 10s.
SC1b Jaccard(corpus, config-model-null) at K=1.3: 0.0000
SC1b verdict: PASS (J=0.0000 <= 0.3 — beyond-degree topology detected)
Plateau verdict: PASS (4/4 upper-cluster K form stable plateau)
Plateau K_mults: [1.3, 1.5, 2.0, 3.0]

Upper-cluster pairwise Jaccard:
         1.3  1.5  2.0  3.0
1.3:     1.00  1.00  1.00  1.00
1.5:     1.00  1.00  1.00  1.00
2.0:     1.00  1.00  1.00  1.00
3.0:     1.00  1.00  1.00  1.00

Min plateau Jaccard: 1.0000 (gate >= 0.85)
Building TF-IDF matrix...
Vocabulary: 9878 terms across 1398 nodes
TF-IDF matrix ready.
Feynman benchmark — corpus presence:
  pair01-ising-opinion: BOTH  (cond-mat/0203227 / 0710.3256)
  pair02-hopfield-spinglass: B-only  (None / cond-mat/0009418)
  pair03-sir-rumour: BOTH  (cond-mat/0010317 / cond-mat/0312131)
  pair04-percolation-epidemics: BOTH  (cond-mat/0007235 / cond-mat/0205009)
  pair05-lotka-volterra-markets: A-only  (nlin/0202034 / cond-mat/0002374)
  pair06-turing-spatial-economy: BOTH  (1005.1986 / cond-mat/9801289)
  pair07-kuramoto-firefly-sync: A-only  (0805.2976 / None)
  pair08-belief-propagation-cavity: B-only  (None / cond-mat/0207121)
  pair09-ant-colony-sgd-noise: B-only  (None / 1412.6980)
  pair10-random-walk-price-dynamics: ABSENT  (None / cond-mat/9907161)

Evaluable pairs: 4/10

Benchmark results at K=1.3*K_stable:
  precision@10 = 0.000  (target >= 0.3)
  TF-IDF cosine mean        = 0.0391  (expected baseline ~ 0.15)

  Pair                                      Detected   Cosine       Comms
  ---------------------------------------------------------------------------
  pair01-ising-opinion                            NO   0.0152        8-12
  pair03-sir-rumour                               NO   0.1410       29-10
  pair04-percolation-epidemics                    NO   0.0000        3-25
  pair06-turing-spatial-economy                   NO   0.0000        9-14

Benchmark verdict: ABORT (precision=0.000 <= baseline 0.15 — no signal above chance)
[v05 non-fatal ABORT recorded] ABORT (precision=0.000 <= baseline 0.15 — no signal above chance)
Null benchmark precision@10:
  ER null:           0.000  (abort gate: > 0.25)
  Config-model null: 0.000  (abort gate: > 0.25)
  Real corpus:       0.000
Null gate: PASS
ABC bridges file not found: data/abc_bridges.json
Skipping orthogonality check. Export resyn bridges first to enable.
/home/jasper/Repositories/professional-vault/prototypes/kuramoto_lbd_v07.py:855: UserWarning: FigureCanvasAgg is non-interactive, and thus cannot be shown
  plt.show()
Figure saved: kuramoto_v07_bridges.png
================================================================================
KURAMOTO-LBD v0.7 (EXP-RS-14) — RESULTS SUMMARY
================================================================================
Corpus: N=1398, 32 communities, 9598 edges
K_stable = 12.0000  (5 bisection probes)
K_mults (v03 restricted): [1.3, 1.5, 2.0, 3.0]
Upper cluster: [1.3, 1.5, 2.0, 3.0]

  Check                         Verdict                                     Threshold
  ----------------------------------------------------------------------------------------------------
  SC4-TOY  true bridge          PASS                                        rank<=5 ABORT>20
  SC3      global lock          PASS                                        r>0.9 ABORT<0.7 (r=0.983)
  SC5      spectral gap         PASS (lambda_2=0.2285 > 0, gap=57.1791 >    lam2>=0, gap>=1.05
  SC2      perm-omega J         FLAG (min_J=0.0000 — high omega sensitiv    min_J>=0.85
  SC1a     ER null J            PASS (J=0.0000 <= 0.3 — topology-sensiti    J<=0.30 ABORT>0.60
  SC1b     CM null J            PASS (J=0.0000 <= 0.3 — beyond-degree to    J<=0.30 ABORT>0.60
  PLATEAU  stability            PASS (4/4 upper-cluster K form stable pl    J>0.70 in upper cluster

  Benchmark                     Result                                      Target
  ----------------------------------------------------------------------------------------------------
  FEYNMAN p@10                  0.000                                      >= 0.3
  TFIDF cosine mean             0.0391                                     (baseline ~ 0.15)
  ER null p@10                  0.000                                      <= 0.25
  CM null p@10                  0.000                                      <= 0.25
  Orthogonality                 SKIP    J <= 0.7

SC: PASS=6  FLAG=1  ABORT=1

OVERALL: ABORT — retire Kuramoto-LBD or debug pipeline.

Pre-registered targets:
  precision@10 target:   0.3  actual: 0.000  NOT MET
  plateau Jaccard min: 0.85  actual: 1.000  MET
  ortho J <= 0.7: MET

Sync sweep: [(1, 0.23038155709921934), (2, 0.41537063902082594), (4, 0.5990702149293134), (8, 0.8565172866769442), (12, 0.9317947153489962)]
PER-PAIR bridge ranks (first top-200 bridge spanning the pair community-pair):
  pair01-ising-opinion       comm 8-12:  rank >200
  pair03-sir-rumour          comm 29-10:  rank >200
  pair04-percolation-epidemics comm 3-25:  rank >200
  pair06-turing-spatial-economy comm 9-14:  rank >200
Per-pair recall@10 = 0.000   recall@any(top200) = 0.000   global BENCH_P10 = 0.000

[v05] results -> data/kuramoto_v07_results.json
{
 "experiment": "EXP-RS-14",
 "phase": 33,
 "corpus": "research_synergy_kuramoto_full.json (giant CC)",
 "N": 1398,
 "n_communities": 32,
 "n_edges": 9598,
 "K_stable": 12.0,
 "n_eval": 4,
 "BENCH_P10": 0.0,
 "BENCH_COSINE": 0.03906603902578354,
 "BENCH_V": "ABORT (precision=0.000 <= baseline 0.15 \u2014 no signal above chance)",
 "p10_er": 0.0,
 "p10_cm": 0.0,
 "SC2": "FLAG (min_J=0.0000 \u2014 high omega sensitivity; failure mode 4)",
 "SC3": "PASS",
 "SC5": "PASS (lambda_2=0.2285 > 0, gap=57.1791 >= 1.05)",
 "SC1A": "PASS (J=0.0000 <= 0.3 \u2014 topology-sensitive)",
 "SC1B": "PASS (J=0.0000 <= 0.3 \u2014 beyond-degree topology detected)",
 "PLATEAU_V": "PASS (4/4 upper-cluster K form stable plateau)",
 "ORTHO_V": "SKIP",
 "v05_aborts": [
  [
   "BENCH",
   "ABORT (precision=0.000 <= baseline 0.15 \u2014 no signal above chance)"
  ]
 ],
 "perpair_recall_at10": 0.0,
 "perpair_recall_any": 0.0,
 "r_sweep": [
  [
   1.0,
   0.23038155709921934
  ],
  [
   2.0,
   0.41537063902082594
  ],
  [
   4.0,
   0.5990702149293134
  ],
  [
   8.0,
   0.8565172866769442
  ],
  [
   12.0,
   0.9317947153489962
  ]
 ],
 "perpair_ranks": [
  {
   "pair": "pair01-ising-opinion",
   "a_comm": 8,
   "b_comm": 12,
   "rank": null
  },
  {
   "pair": "pair03-sir-rumour",
   "a_comm": 29,
   "b_comm": 10,
   "rank": null
  },
  {
   "pair": "pair04-percolation-epidemics",
   "a_comm": 3,
   "b_comm": 25,
   "rank": null
  },
  {
   "pair": "pair06-turing-spatial-economy",
   "a_comm": 9,
   "b_comm": 14,
   "rank": null
  }
 ],
 "evaluable_detail": [
  {
   "pair": "pair01-ising-opinion",
   "detected": false,
   "cosine": 0.01524612307548523,
   "a_comm": 8,
   "b_comm": 12
  },
  {
   "pair": "pair03-sir-rumour",
   "detected": false,
   "cosine": 0.14101803302764893,
   "a_comm": 29,
   "b_comm": 10
  },
  {
   "pair": "pair04-percolation-epidemics",
   "detected": false,
   "cosine": 0.0,
   "a_comm": 3,
   "b_comm": 25
  },
  {
   "pair": "pair06-turing-spatial-economy",
   "detected": false,
   "cosine": 0.0,
   "a_comm": 9,
   "b_comm": 14
  }
 ]
}
